<?xml version="1.0" encoding="UTF-8"?>
<!-- Generated by org.testng.reporters.JUnitXMLReporter -->
<testsuite ignored="0" hostname="DESKTOP-JD8C80B" failures="0" tests="4" name="Test" time="85.089" errors="0" timestamp="2023-07-26T20:19:43 BDT">
  <testcase classname="usbangla.us_bangla_autoamtion.UsBangla" name="BookTicket" time="53.012"/>
  <testcase classname="usbangla.us_bangla_autoamtion.UsBangla" name="verifyLogin" time="18.047"/>
  <testcase classname="usbangla.us_bangla_autoamtion.UsBangla" name="verifyLogo" time="0.069"/>
  <testcase classname="usbangla.us_bangla_autoamtion.UsBangla" name="verifyTitle" time="0.019"/>
</testsuite> <!-- Test -->
